<?xml version="1.0" encoding="UTF-8"?>
<!-- Generated by org.testng.reporters.JUnitXMLReporter -->
<testsuite ignored="0" hostname="Vaishnavi" failures="0" tests="3" name="HomepageTest" time="8.644" errors="0" timestamp="2025-01-28T16:43:49 IST">
  <testcase classname="Com.CRM_Testcases.HomePageTestcase" name="verifyurl" time="0.75"/>
  <testcase classname="Com.CRM_Testcases.HomePageTestcase" name="veriftittle" time="0.022"/>
  <testcase classname="Com.CRM_Testcases.HomePageTestcase" name="validatesignLInk" time="0.841"/>
</testsuite> <!-- HomepageTest -->
