<?xml version="1.0" encoding="UTF-8"?>
<!-- Generated by org.testng.reporters.JUnitXMLReporter -->
<testsuite ignored="0" hostname="Vaishnavi" failures="0" tests="3" name="HomepageTest" time="15.428" errors="0" timestamp="2025-01-28T12:19:34 IST">
  <testcase classname="Com.CRM_Testcases.HomePageTestcase" name="verifyurl" time="2.546"/>
  <testcase classname="Com.CRM_Testcases.HomePageTestcase" name="veriftittle" time="0.027"/>
  <testcase classname="Com.CRM_Testcases.HomePageTestcase" name="validatesignLInk" time="1.707"/>
</testsuite> <!-- HomepageTest -->
