<?xml version="1.0" encoding="UTF-8"?>
<!-- Generated by org.testng.reporters.JUnitReportReporter -->
<testsuite hostname="Vaishnavi" failures="0" tests="3" name="Com.CRM_Testcases.HomePageTestcase" time="1.613" errors="0" timestamp="2025-01-28T16:44:00 IST" skipped="0">
  <testcase classname="Com.CRM_Testcases.HomePageTestcase" name="verifyurl" time="0.750"/>
  <system-out/>
  <testcase classname="Com.CRM_Testcases.HomePageTestcase" name="veriftittle" time="0.022"/>
  <system-out/>
  <testcase classname="Com.CRM_Testcases.HomePageTestcase" name="validatesignLInk" time="0.841"/>
  <system-out/>
</testsuite> <!-- Com.CRM_Testcases.HomePageTestcase -->
