<?xml version="1.0" encoding="UTF-8"?>
<!-- Generated by org.testng.reporters.JUnitReportReporter -->
<testsuite hostname="Vaishnavi" failures="0" tests="3" name="Com.CRM_Testcases.HomePageTestcase" time="4.280" errors="0" timestamp="2025-01-28T12:19:40 IST" skipped="0">
  <testcase classname="Com.CRM_Testcases.HomePageTestcase" name="verifyurl" time="2.546"/>
  <system-out/>
  <testcase classname="Com.CRM_Testcases.HomePageTestcase" name="veriftittle" time="0.027"/>
  <system-out/>
  <testcase classname="Com.CRM_Testcases.HomePageTestcase" name="validatesignLInk" time="1.707"/>
  <system-out/>
</testsuite> <!-- Com.CRM_Testcases.HomePageTestcase -->
